2023-06-03 21:14:05,223 - utils.dcrnn_supervisor - INFO - Log directory: runs/train1/
2023-06-03 21:14:05,822 - utils.dcrnn_supervisor - INFO - Model created
2023-06-03 21:14:05,822 - utils.dcrnn_supervisor - INFO - Total trainable parameters 371393
2023-06-03 21:14:05,823 - utils.dcrnn_supervisor - INFO - Start training ...
2023-06-03 21:14:05,823 - utils.dcrnn_supervisor - INFO - a epoch has 5 num_batches.
2023-06-03 21:14:16,508 - utils.dcrnn_supervisor - INFO - epoch complete
2023-06-03 21:14:16,508 - utils.dcrnn_supervisor - INFO - evaluating now!
2023-06-03 21:14:17,935 - utils.dcrnn_supervisor - INFO - Epoch [0/100] (5) train_mae: 115.3546, val_mae: 145.8693, lr: 0.010000, 12.1s
2023-06-03 21:14:17,950 - utils.dcrnn_supervisor - INFO - Saved model at 0
2023-06-03 21:14:17,950 - utils.dcrnn_supervisor - INFO - Val loss decrease from inf to 145.8693, saving to runs/train1/models/epoch0.pth
2023-06-03 21:14:26,923 - utils.dcrnn_supervisor - INFO - epoch complete
2023-06-03 21:14:26,923 - utils.dcrnn_supervisor - INFO - evaluating now!
2023-06-03 21:14:28,330 - utils.dcrnn_supervisor - INFO - Epoch [1/100] (10) train_mae: 53.7326, val_mae: 73.6656, lr: 0.010000, 10.4s
2023-06-03 21:14:28,429 - utils.dcrnn_supervisor - INFO - Saved model at 1
2023-06-03 21:14:28,429 - utils.dcrnn_supervisor - INFO - Val loss decrease from 145.8693 to 73.6656, saving to runs/train1/models/epoch1.pth
2023-06-03 21:14:37,517 - utils.dcrnn_supervisor - INFO - epoch complete
2023-06-03 21:14:37,517 - utils.dcrnn_supervisor - INFO - evaluating now!
2023-06-03 21:14:38,773 - utils.dcrnn_supervisor - INFO - Epoch [2/100] (15) train_mae: 37.7428, val_mae: 64.0230, lr: 0.010000, 10.3s
2023-06-03 21:14:40,175 - utils.dcrnn_supervisor - INFO - Epoch [2/100] (15) train_mae: 37.7428, test_mae: 60.7994,  lr: 0.010000, 10.3s
2023-06-03 21:14:40,188 - utils.dcrnn_supervisor - INFO - Saved model at 2
2023-06-03 21:14:40,188 - utils.dcrnn_supervisor - INFO - Val loss decrease from 73.6656 to 64.0230, saving to runs/train1/models/epoch2.pth
2023-06-03 21:14:49,225 - utils.dcrnn_supervisor - INFO - epoch complete
2023-06-03 21:14:49,225 - utils.dcrnn_supervisor - INFO - evaluating now!
2023-06-03 21:14:50,487 - utils.dcrnn_supervisor - INFO - Epoch [3/100] (20) train_mae: 29.6438, val_mae: 63.7316, lr: 0.010000, 10.3s
2023-06-03 21:14:50,499 - utils.dcrnn_supervisor - INFO - Saved model at 3
2023-06-03 21:14:50,499 - utils.dcrnn_supervisor - INFO - Val loss decrease from 64.0230 to 63.7316, saving to runs/train1/models/epoch3.pth
2023-06-03 21:14:59,638 - utils.dcrnn_supervisor - INFO - epoch complete
2023-06-03 21:14:59,639 - utils.dcrnn_supervisor - INFO - evaluating now!
2023-06-03 21:15:00,949 - utils.dcrnn_supervisor - INFO - Epoch [4/100] (25) train_mae: 24.0125, val_mae: 55.6879, lr: 0.010000, 10.4s
2023-06-03 21:15:01,050 - utils.dcrnn_supervisor - INFO - Saved model at 4
2023-06-03 21:15:01,050 - utils.dcrnn_supervisor - INFO - Val loss decrease from 63.7316 to 55.6879, saving to runs/train1/models/epoch4.pth
2023-06-03 21:15:10,122 - utils.dcrnn_supervisor - INFO - epoch complete
2023-06-03 21:15:10,122 - utils.dcrnn_supervisor - INFO - evaluating now!
2023-06-03 21:15:11,493 - utils.dcrnn_supervisor - INFO - Epoch [5/100] (30) train_mae: 21.5886, val_mae: 48.1315, lr: 0.010000, 10.4s
2023-06-03 21:15:12,825 - utils.dcrnn_supervisor - INFO - Epoch [5/100] (30) train_mae: 21.5886, test_mae: 41.8049,  lr: 0.010000, 10.4s
2023-06-03 21:15:12,838 - utils.dcrnn_supervisor - INFO - Saved model at 5
2023-06-03 21:15:12,838 - utils.dcrnn_supervisor - INFO - Val loss decrease from 55.6879 to 48.1315, saving to runs/train1/models/epoch5.pth
2023-06-03 21:15:22,997 - utils.dcrnn_supervisor - INFO - epoch complete
2023-06-03 21:15:22,997 - utils.dcrnn_supervisor - INFO - evaluating now!
2023-06-03 21:15:24,411 - utils.dcrnn_supervisor - INFO - Epoch [6/100] (35) train_mae: 18.3350, val_mae: 51.6750, lr: 0.010000, 11.6s
2023-06-03 21:15:33,444 - utils.dcrnn_supervisor - INFO - epoch complete
2023-06-03 21:15:33,444 - utils.dcrnn_supervisor - INFO - evaluating now!
2023-06-03 21:15:34,771 - utils.dcrnn_supervisor - INFO - Epoch [7/100] (40) train_mae: 16.5445, val_mae: 41.3854, lr: 0.010000, 10.4s
2023-06-03 21:15:34,785 - utils.dcrnn_supervisor - INFO - Saved model at 7
2023-06-03 21:15:34,785 - utils.dcrnn_supervisor - INFO - Val loss decrease from 48.1315 to 41.3854, saving to runs/train1/models/epoch7.pth
2023-06-03 21:15:43,782 - utils.dcrnn_supervisor - INFO - epoch complete
2023-06-03 21:15:43,783 - utils.dcrnn_supervisor - INFO - evaluating now!
2023-06-03 21:15:45,055 - utils.dcrnn_supervisor - INFO - Epoch [8/100] (45) train_mae: 15.2066, val_mae: 39.5770, lr: 0.010000, 10.3s
2023-06-03 21:15:46,450 - utils.dcrnn_supervisor - INFO - Epoch [8/100] (45) train_mae: 15.2066, test_mae: 36.5877,  lr: 0.010000, 10.3s
2023-06-03 21:15:46,465 - utils.dcrnn_supervisor - INFO - Saved model at 8
2023-06-03 21:15:46,465 - utils.dcrnn_supervisor - INFO - Val loss decrease from 41.3854 to 39.5770, saving to runs/train1/models/epoch8.pth
2023-06-03 21:15:55,484 - utils.dcrnn_supervisor - INFO - epoch complete
2023-06-03 21:15:55,484 - utils.dcrnn_supervisor - INFO - evaluating now!
2023-06-03 21:15:56,755 - utils.dcrnn_supervisor - INFO - Epoch [9/100] (50) train_mae: 14.3154, val_mae: 38.3852, lr: 0.010000, 10.3s
2023-06-03 21:15:56,768 - utils.dcrnn_supervisor - INFO - Saved model at 9
2023-06-03 21:15:56,768 - utils.dcrnn_supervisor - INFO - Val loss decrease from 39.5770 to 38.3852, saving to runs/train1/models/epoch9.pth
2023-06-03 21:16:05,894 - utils.dcrnn_supervisor - INFO - epoch complete
2023-06-03 21:16:05,894 - utils.dcrnn_supervisor - INFO - evaluating now!
2023-06-03 21:16:07,229 - utils.dcrnn_supervisor - INFO - Epoch [10/100] (55) train_mae: 13.9983, val_mae: 40.3185, lr: 0.010000, 10.5s
2023-06-03 21:16:17,370 - utils.dcrnn_supervisor - INFO - epoch complete
2023-06-03 21:16:17,370 - utils.dcrnn_supervisor - INFO - evaluating now!
2023-06-03 21:16:18,758 - utils.dcrnn_supervisor - INFO - Epoch [11/100] (60) train_mae: 14.6282, val_mae: 38.6809, lr: 0.010000, 11.5s
2023-06-03 21:16:20,138 - utils.dcrnn_supervisor - INFO - Epoch [11/100] (60) train_mae: 14.6282, test_mae: 36.1851,  lr: 0.010000, 11.5s
2023-06-03 21:16:29,125 - utils.dcrnn_supervisor - INFO - epoch complete
2023-06-03 21:16:29,125 - utils.dcrnn_supervisor - INFO - evaluating now!
2023-06-03 21:16:30,382 - utils.dcrnn_supervisor - INFO - Epoch [12/100] (65) train_mae: 14.3684, val_mae: 36.3596, lr: 0.010000, 10.2s
2023-06-03 21:16:30,395 - utils.dcrnn_supervisor - INFO - Saved model at 12
2023-06-03 21:16:30,396 - utils.dcrnn_supervisor - INFO - Val loss decrease from 38.3852 to 36.3596, saving to runs/train1/models/epoch12.pth
2023-06-03 21:16:39,435 - utils.dcrnn_supervisor - INFO - epoch complete
2023-06-03 21:16:39,436 - utils.dcrnn_supervisor - INFO - evaluating now!
